<?xml version="1.0" encoding="UTF-8"?>
<testng-results ignored="0" total="6" passed="5" failed="1" skipped="0">
  <reporter-output>
  </reporter-output>
  <suite started-at="2023-09-11T12:06:25 IST" name="Default suite" finished-at="2023-09-11T12:07:21 IST" duration-ms="55561">
    <groups>
    </groups>
    <test started-at="2023-09-11T12:06:25 IST" name="Default test" finished-at="2023-09-11T12:07:21 IST" duration-ms="55561">
      <class name="Demose">
        <test-method signature="BaseURLTest()[pri:1, instance:Demose@e15b7e8]" started-at="2023-09-11T12:06:25 IST" name="BaseURLTest" finished-at="2023-09-11T12:06:28 IST" duration-ms="3262" status="PASS">
          <reporter-output>
          </reporter-output>
        </test-method> <!-- BaseURLTest -->
        <test-method signature="CookiePopupTest()[pri:2, instance:Demose@e15b7e8]" started-at="2023-09-11T12:06:28 IST" name="CookiePopupTest" finished-at="2023-09-11T12:06:44 IST" duration-ms="15258" status="PASS">
          <reporter-output>
          </reporter-output>
        </test-method> <!-- CookiePopupTest -->
        <test-method signature="ProductButtonTest()[pri:3, instance:Demose@e15b7e8]" started-at="2023-09-11T12:06:44 IST" name="ProductButtonTest" finished-at="2023-09-11T12:06:55 IST" duration-ms="11770" status="PASS">
          <reporter-output>
          </reporter-output>
        </test-method> <!-- ProductButtonTest -->
        <test-method signature="ProductButtonHoverOverTest()[pri:4, instance:Demose@e15b7e8]" started-at="2023-09-11T12:06:55 IST" name="ProductButtonHoverOverTest" finished-at="2023-09-11T12:07:20 IST" duration-ms="25073" status="PASS">
          <reporter-output>
          </reporter-output>
        </test-method> <!-- ProductButtonHoverOverTest -->
        <test-method signature="FirstNameLabelTest()[pri:5, instance:Demose@e15b7e8]" started-at="2023-09-11T12:07:20 IST" name="FirstNameLabelTest" finished-at="2023-09-11T12:07:21 IST" duration-ms="68" status="FAIL">
          <exception class="java.lang.AssertionError">
            <message>
              <![CDATA[First Name Label missmatch expected [* First Name] but found [*First Name]]]>
            </message>
            <full-stacktrace>
              <![CDATA[java.lang.AssertionError: First Name Label missmatch expected [* First Name] but found [*First Name]
at org.testng.Assert.fail(Assert.java:111)
at org.testng.Assert.failNotEquals(Assert.java:1578)
at org.testng.Assert.assertEqualsImpl(Assert.java:150)
at org.testng.Assert.assertEquals(Assert.java:132)
at org.testng.Assert.assertEquals(Assert.java:656)
at Demose.FirstNameLabelTest(Demose.java:62)
at java.base/jdk.internal.reflect.NativeMethodAccessorImpl.invoke0(Native Method)
at java.base/jdk.internal.reflect.NativeMethodAccessorImpl.invoke(NativeMethodAccessorImpl.java:77)
at java.base/jdk.internal.reflect.DelegatingMethodAccessorImpl.invoke(DelegatingMethodAccessorImpl.java:43)
at java.base/java.lang.reflect.Method.invoke(Method.java:568)
at org.testng.internal.invokers.MethodInvocationHelper.invokeMethod(MethodInvocationHelper.java:139)
at org.testng.internal.invokers.TestInvoker.invokeMethod(TestInvoker.java:664)
at org.testng.internal.invokers.TestInvoker.invokeTestMethod(TestInvoker.java:227)
at org.testng.internal.invokers.MethodRunner.runInSequence(MethodRunner.java:50)
at org.testng.internal.invokers.TestInvoker$MethodInvocationAgent.invoke(TestInvoker.java:957)
at org.testng.internal.invokers.TestInvoker.invokeTestMethods(TestInvoker.java:200)
at org.testng.internal.invokers.TestMethodWorker.invokeTestMethods(TestMethodWorker.java:148)
at org.testng.internal.invokers.TestMethodWorker.run(TestMethodWorker.java:128)
at java.base/java.util.ArrayList.forEach(ArrayList.java:1511)
at org.testng.TestRunner.privateRun(TestRunner.java:848)
at org.testng.TestRunner.run(TestRunner.java:621)
at org.testng.SuiteRunner.runTest(SuiteRunner.java:443)
at org.testng.SuiteRunner.runSequentially(SuiteRunner.java:437)
at org.testng.SuiteRunner.privateRun(SuiteRunner.java:397)
at org.testng.SuiteRunner.run(SuiteRunner.java:336)
at org.testng.SuiteRunnerWorker.runSuite(SuiteRunnerWorker.java:52)
at org.testng.SuiteRunnerWorker.run(SuiteRunnerWorker.java:95)
at org.testng.TestNG.runSuitesSequentially(TestNG.java:1280)
at org.testng.TestNG.runSuitesLocally(TestNG.java:1200)
at org.testng.TestNG.runSuites(TestNG.java:1114)
at org.testng.TestNG.run(TestNG.java:1082)
at org.testng.remote.AbstractRemoteTestNG.run(AbstractRemoteTestNG.java:115)
at org.testng.remote.RemoteTestNG.initAndRun(RemoteTestNG.java:251)
at org.testng.remote.RemoteTestNG.main(RemoteTestNG.java:77)
]]>
            </full-stacktrace>
          </exception> <!-- java.lang.AssertionError -->
          <reporter-output>
          </reporter-output>
        </test-method> <!-- FirstNameLabelTest -->
        <test-method signature="LastNameLabelTest()[pri:6, instance:Demose@e15b7e8]" started-at="2023-09-11T12:07:21 IST" name="LastNameLabelTest" finished-at="2023-09-11T12:07:21 IST" duration-ms="47" status="PASS">
          <reporter-output>
          </reporter-output>
        </test-method> <!-- LastNameLabelTest -->
      </class> <!-- Demose -->
    </test> <!-- Default test -->
  </suite> <!-- Default suite -->
</testng-results>
